#
# There is insufficient memory for the Java Runtime Environment to continue.
# Native memory allocation (malloc) failed to allocate 328816 bytes for Chunk::new
# Possible reasons:
#   The system is out of physical RAM or swap space
#   In 32 bit mode, the process size limit was hit
# Possible solutions:
#   Reduce memory load on the system
#   Increase physical memory or swap space
#   Check if swap backing store is full
#   Use 64 bit Java on a 64 bit OS
#   Decrease Java heap size (-Xmx/-Xms)
#   Decrease number of Java threads
#   Decrease Java thread stack sizes (-Xss)
#   Set larger code cache with -XX:ReservedCodeCacheSize=
# This output file may be truncated or incomplete.
#
#  Out of Memory Error (allocation.cpp:390), pid=7196, tid=0x0000000000003218
#
# JRE version: OpenJDK Runtime Environment (8.0) (build 1.8.0-adoptopenjdk-_2018_05_19_00_59-b00)
# Java VM: OpenJDK 64-Bit Server VM (25.71-b00 mixed mode windows-amd64 compressed oops)
# Failed to write core dump. Minidumps are not enabled by default on client versions of Windows
#

---------------  T H R E A D  ---------------

Current thread (0x000000001795a000):  JavaThread "C2 CompilerThread0" daemon [_thread_in_native, id=12824, stack(0x0000000018fc0000,0x00000000190c0000)]

Stack: [0x0000000018fc0000,0x00000000190c0000]
[error occurred during error reporting (printing stack bounds), id 0xc0000005]

Native frames: (J=compiled Java code, j=interpreted, Vv=VM code, C=native code)


Current CompileTask:
C2:   4591 1557       4       java.io.DataInputStream::readUTF (501 bytes)


---------------  P R O C E S S  ---------------

Java Threads: ( => current thread )
  0x00000000179a8000 JavaThread "Service Thread" daemon [_thread_blocked, id=12904, stack(0x00000000192c0000,0x00000000193c0000)]
  0x0000000017960000 JavaThread "C1 CompilerThread2" daemon [_thread_blocked, id=7948, stack(0x00000000191c0000,0x00000000192c0000)]
  0x000000001795d000 JavaThread "C2 CompilerThread1" daemon [_thread_blocked, id=7816, stack(0x00000000190c0000,0x00000000191c0000)]
=>0x000000001795a000 JavaThread "C2 CompilerThread0" daemon [_thread_in_native, id=12824, stack(0x0000000018fc0000,0x00000000190c0000)]
  0x0000000017953000 JavaThread "Attach Listener" daemon [_thread_blocked, id=7940, stack(0x0000000018ec0000,0x0000000018fc0000)]
  0x0000000017950000 JavaThread "Signal Dispatcher" daemon [_thread_blocked, id=9452, stack(0x0000000018dc0000,0x0000000018ec0000)]
  0x0000000002dae000 JavaThread "Finalizer" daemon [_thread_blocked, id=7052, stack(0x0000000018bc0000,0x0000000018cc0000)]
  0x0000000002da4800 JavaThread "Reference Handler" daemon [_thread_blocked, id=9940, stack(0x0000000018ac0000,0x0000000018bc0000)]
  0x0000000002cb5800 JavaThread "main" [_thread_in_Java, id=11040, stack(0x0000000002b40000,0x0000000002c40000)]

Other Threads:
  0x0000000017915800 VMThread [stack: 0x00000000189c0000,0x0000000018ac0000] [id=5524]
  0x00000000193e0800 WatcherThread [stack: 0x00000000197c0000,0x00000000198c0000] [id=7524]

VM state:not at safepoint (normal execution)

VM Mutex/Monitor currently owned by a thread: None

Heap:
 PSYoungGen      total 38400K, used 8414K [0x00000000d5a00000, 0x00000000d8480000, 0x0000000100000000)
  eden space 33280K, 9% used [0x00000000d5a00000,0x00000000d5d3c588,0x00000000d7a80000)
  from space 5120K, 99% used [0x00000000d7a80000,0x00000000d7f7b4e0,0x00000000d7f80000)
  to   space 5120K, 0% used [0x00000000d7f80000,0x00000000d7f80000,0x00000000d8480000)
 ParOldGen       total 87552K, used 1403K [0x0000000080e00000, 0x0000000086380000, 0x00000000d5a00000)
  object space 87552K, 1% used [0x0000000080e00000,0x0000000080f5ef80,0x0000000086380000)
 Metaspace       used 16006K, capacity 16376K, committed 16640K, reserved 1064960K
  class space    used 1877K, capacity 2018K, committed 2048K, reserved 1048576K

Card table byte_map: [0x0000000012170000,0x0000000012570000] byte_map_base: 0x0000000011d69000

Marking Bits: (ParMarkBitMap*) 0x0000000055b5be50
 Begin Bits: [0x0000000012c20000, 0x0000000014be8000)
 End Bits:   [0x0000000014be8000, 0x0000000016bb0000)

Polling page: 0x0000000000ef0000

CodeCache: size=245760Kb used=5218Kb max_used=5218Kb free=240541Kb
 bounds [0x0000000002db0000, 0x00000000032d0000, 0x0000000011db0000]
 total_blobs=2003 nmethods=1589 adapters=327
 compilation: enabled

Compilation events (10 events):
Event: 4.579 Thread 0x0000000017960000 1580       3       sun.security.jca.Providers::getThreadProviderList (18 bytes)
Event: 4.579 Thread 0x0000000017960000 nmethod 1580 0x00000000032b3590 code [0x00000000032b3700, 0x00000000032b3a28]
Event: 4.579 Thread 0x0000000017960000 1581       3       java.security.Provider::access$1000 (4 bytes)
Event: 4.579 Thread 0x0000000017960000 nmethod 1581 0x00000000032b3290 code [0x00000000032b33e0, 0x00000000032b3510]
Event: 4.583 Thread 0x0000000017960000 1582   !   3       java.security.Provider$Service::newInstance (416 bytes)
Event: 4.586 Thread 0x0000000017960000 nmethod 1582 0x00000000032b91d0 code [0x00000000032b9920, 0x00000000032be8e8]
Event: 4.586 Thread 0x0000000017960000 1583   !   3       java.security.Provider$Service::getImplClass (186 bytes)
Event: 4.587 Thread 0x0000000017960000 nmethod 1583 0x00000000032c1b50 code [0x00000000032c1fa0, 0x00000000032c4a48]
Event: 4.590 Thread 0x000000001795d000 1585       4       java.lang.CharacterDataLatin1::toUpperCase (53 bytes)
Event: 4.590 Thread 0x0000000017960000 1586       3       java.lang.ClassLoader::preDefineClass (109 bytes)

GC Heap History (2 events):
Event: 4.508 GC heap before
{Heap before GC invocations=1 (full 0):
 PSYoungGen      total 38400K, used 33280K [0x00000000d5a00000, 0x00000000d8480000, 0x0000000100000000)
  eden space 33280K, 100% used [0x00000000d5a00000,0x00000000d7a80000,0x00000000d7a80000)
  from space 5120K, 0% used [0x00000000d7f80000,0x00000000d7f80000,0x00000000d8480000)
  to   space 5120K, 0% used [0x00000000d7a80000,0x00000000d7a80000,0x00000000d7f80000)
 ParOldGen       total 87552K, used 0K [0x0000000080e00000, 0x0000000086380000, 0x00000000d5a00000)
  object space 87552K, 0% used [0x0000000080e00000,0x0000000080e00000,0x0000000086380000)
 Metaspace       used 15542K, capacity 15922K, committed 16128K, reserved 1062912K
  class space    used 1831K, capacity 1953K, committed 2048K, reserved 1048576K
Event: 4.529 GC heap after
Heap after GC invocations=1 (full 0):
 PSYoungGen      total 38400K, used 5101K [0x00000000d5a00000, 0x00000000d8480000, 0x0000000100000000)
  eden space 33280K, 0% used [0x00000000d5a00000,0x00000000d5a00000,0x00000000d7a80000)
  from space 5120K, 99% used [0x00000000d7a80000,0x00000000d7f7b4e0,0x00000000d7f80000)
  to   space 5120K, 0% used [0x00000000d7f80000,0x00000000d7f80000,0x00000000d8480000)
 ParOldGen       total 87552K, used 1403K [0x0000000080e00000, 0x0000000086380000, 0x00000000d5a00000)
  object space 87552K, 1% used [0x0000000080e00000,0x0000000080f5ef80,0x0000000086380000)
 Metaspace       used 15542K, capacity 15922K, committed 16128K, reserved 1062912K
  class space    used 1831K, capacity 1953K, committed 2048K, reserved 1048576K
}

Deoptimization events (10 events):
Event: 2.957 Thread 0x0000000002cb5800 Uncommon trap: reason=class_check action=maybe_recompile pc=0x00000000030807b0 method=java.io.FilterInputStream.read()I @ 4
Event: 2.957 Thread 0x0000000002cb5800 Uncommon trap: reason=class_check action=maybe_recompile pc=0x00000000030807b0 method=java.io.FilterInputStream.read()I @ 4
Event: 3.001 Thread 0x0000000002cb5800 Uncommon trap: reason=unstable_if action=reinterpret pc=0x0000000002fd9b3c method=java.lang.AbstractStringBuilder.append(Ljava/lang/String;)Ljava/lang/AbstractStringBuilder; @ 1
Event: 3.359 Thread 0x0000000002cb5800 Uncommon trap: reason=unstable_if action=reinterpret pc=0x00000000031366b8 method=sun.nio.fs.WindowsPathParser.isSlash(C)Z @ 9
Event: 3.628 Thread 0x0000000002cb5800 Uncommon trap: reason=unstable_if action=reinterpret pc=0x000000000304aef4 method=java.util.HashMap.putVal(ILjava/lang/Object;Ljava/lang/Object;ZZ)Ljava/lang/Object; @ 236
Event: 3.691 Thread 0x0000000002cb5800 Uncommon trap: reason=unstable_if action=reinterpret pc=0x0000000002ee2cc0 method=java.lang.CharacterData.of(I)Ljava/lang/CharacterData; @ 4
Event: 4.064 Thread 0x0000000002cb5800 Uncommon trap: reason=unstable_if action=reinterpret pc=0x00000000032068f0 method=java.io.ByteArrayInputStream.read([BII)I @ 63
Event: 4.198 Thread 0x0000000002cb5800 Uncommon trap: reason=unstable_if action=reinterpret pc=0x000000000316b5d4 method=java.lang.CharacterDataLatin1.digit(II)I @ 82
Event: 4.496 Thread 0x0000000002cb5800 Uncommon trap: reason=unstable_if action=reinterpret pc=0x00000000030080fc method=java.lang.CharacterDataLatin1.isWhitespace(I)Z @ 14
Event: 4.531 Thread 0x0000000002cb5800 Uncommon trap: reason=unstable_if action=reinterpret pc=0x0000000003125934 method=java.lang.String.indexOf([CII[CIII)I @ 27

Classes redefined (0 events):
No events

Internal exceptions (10 events):
Event: 3.192 Thread 0x0000000002cb5800 Exception <a 'sun/nio/fs/WindowsException'> (0x00000000d6cd6d10) thrown at [C:\Users\jenkins\workspace\openjdk8_build_x86-64_windows\openjdk\hotspot\src\share\vm\prims\jni.cpp, line 709]
Event: 3.192 Thread 0x0000000002cb5800 Exception <a 'sun/nio/fs/WindowsException'> (0x00000000d6cd7340) thrown at [C:\Users\jenkins\workspace\openjdk8_build_x86-64_windows\openjdk\hotspot\src\share\vm\prims\jni.cpp, line 709]
Event: 3.192 Thread 0x0000000002cb5800 Exception <a 'sun/nio/fs/WindowsException'> (0x00000000d6cda100) thrown at [C:\Users\jenkins\workspace\openjdk8_build_x86-64_windows\openjdk\hotspot\src\share\vm\prims\jni.cpp, line 709]
Event: 3.192 Thread 0x0000000002cb5800 Exception <a 'sun/nio/fs/WindowsException'> (0x00000000d6cda770) thrown at [C:\Users\jenkins\workspace\openjdk8_build_x86-64_windows\openjdk\hotspot\src\share\vm\prims\jni.cpp, line 709]
Event: 3.192 Thread 0x0000000002cb5800 Exception <a 'sun/nio/fs/WindowsException'> (0x00000000d6cdb2b0) thrown at [C:\Users\jenkins\workspace\openjdk8_build_x86-64_windows\openjdk\hotspot\src\share\vm\prims\jni.cpp, line 709]
Event: 3.192 Thread 0x0000000002cb5800 Exception <a 'sun/nio/fs/WindowsException'> (0x00000000d6cdb958) thrown at [C:\Users\jenkins\workspace\openjdk8_build_x86-64_windows\openjdk\hotspot\src\share\vm\prims\jni.cpp, line 709]
Event: 3.193 Thread 0x0000000002cb5800 Exception <a 'sun/nio/fs/WindowsException'> (0x00000000d6cde820) thrown at [C:\Users\jenkins\workspace\openjdk8_build_x86-64_windows\openjdk\hotspot\src\share\vm\prims\jni.cpp, line 709]
Event: 3.193 Thread 0x0000000002cb5800 Exception <a 'sun/nio/fs/WindowsException'> (0x00000000d6cdee78) thrown at [C:\Users\jenkins\workspace\openjdk8_build_x86-64_windows\openjdk\hotspot\src\share\vm\prims\jni.cpp, line 709]
Event: 3.193 Thread 0x0000000002cb5800 Exception <a 'sun/nio/fs/WindowsException'> (0x00000000d6cdf990) thrown at [C:\Users\jenkins\workspace\openjdk8_build_x86-64_windows\openjdk\hotspot\src\share\vm\prims\jni.cpp, line 709]
Event: 3.193 Thread 0x0000000002cb5800 Exception <a 'sun/nio/fs/WindowsException'> (0x00000000d6ce0028) thrown at [C:\Users\jenkins\workspace\openjdk8_build_x86-64_windows\openjdk\hotspot\src\share\vm\prims\jni.cpp, line 709]

Events (10 events):
Event: 4.589 loading class java/io/UnsupportedEncodingException
Event: 4.589 loading class java/io/UnsupportedEncodingException done
Event: 4.589 loading class com/sun/crypto/provider/TlsMasterSecretGenerator$TlsMasterSecretKey
Event: 4.589 loading class com/sun/crypto/provider/TlsMasterSecretGenerator$TlsMasterSecretKey done
Event: 4.589 loading class sun/security/internal/interfaces/TlsMasterSecret
Event: 4.589 loading class sun/security/internal/interfaces/TlsMasterSecret done
Event: 4.589 loading class sun/security/internal/spec/TlsKeyMaterialParameterSpec
Event: 4.589 loading class sun/security/internal/spec/TlsKeyMaterialParameterSpec done
Event: 4.590 loading class com/sun/crypto/provider/TlsKeyMaterialGenerator
Event: 4.590 loading class com/sun/crypto/provider/TlsKeyMaterialGenerator done


Dynamic libraries:
0x00007ff602eb0000 - 0x00007ff602ee5000 	G:\2020.3.42f1\Editor\Data\PlaybackEngines\AndroidPlayer\OpenJDK\bin\java.exe
0x00007ff9e8530000 - 0x00007ff9e8728000 	C:\WINDOWS\SYSTEM32\ntdll.dll
0x00007ff9e7a00000 - 0x00007ff9e7abd000 	C:\WINDOWS\System32\KERNEL32.DLL
0x00007ff9e6290000 - 0x00007ff9e6586000 	C:\WINDOWS\System32\KERNELBASE.dll
0x00007ff9e75c0000 - 0x00007ff9e766f000 	C:\WINDOWS\System32\ADVAPI32.dll
0x00007ff9e7730000 - 0x00007ff9e77ce000 	C:\WINDOWS\System32\msvcrt.dll
0x00007ff9e78b0000 - 0x00007ff9e794c000 	C:\WINDOWS\System32\sechost.dll
0x00007ff9e6ff0000 - 0x00007ff9e7116000 	C:\WINDOWS\System32\RPCRT4.dll
0x00007ff9e7ba0000 - 0x00007ff9e7d3e000 	C:\WINDOWS\System32\USER32.dll
0x00007ff9e60a0000 - 0x00007ff9e60c2000 	C:\WINDOWS\System32\win32u.dll
0x00007ff9e6c60000 - 0x00007ff9e6c8c000 	C:\WINDOWS\System32\GDI32.dll
0x00007ff9e5f80000 - 0x00007ff9e609a000 	C:\WINDOWS\System32\gdi32full.dll
0x00007ff9e5ee0000 - 0x00007ff9e5f7d000 	C:\WINDOWS\System32\msvcp_win.dll
0x00007ff9e5c10000 - 0x00007ff9e5d10000 	C:\WINDOWS\System32\ucrtbase.dll
0x00007ff9d8e60000 - 0x00007ff9d90fa000 	C:\WINDOWS\WinSxS\amd64_microsoft.windows.common-controls_6595b64144ccf1df_6.0.19041.3636_none_60b6a03d71f818d5\COMCTL32.dll
0x00007ff9e7ac0000 - 0x00007ff9e7af0000 	C:\WINDOWS\System32\IMM32.DLL
0x0000000057130000 - 0x0000000057202000 	G:\2020.3.42f1\Editor\Data\PlaybackEngines\AndroidPlayer\OpenJDK\jre\bin\msvcr100.dll
0x0000000055390000 - 0x0000000055bd9000 	G:\2020.3.42f1\Editor\Data\PlaybackEngines\AndroidPlayer\OpenJDK\jre\bin\server\jvm.dll
0x00007ff9e6c50000 - 0x00007ff9e6c58000 	C:\WINDOWS\System32\PSAPI.DLL
0x00007ff9d84e0000 - 0x00007ff9d8507000 	C:\WINDOWS\SYSTEM32\WINMM.dll
0x00007ff9dee40000 - 0x00007ff9dee4a000 	C:\WINDOWS\System32\KERNEL32.DLL
0x00007ff9e13b0000 - 0x00007ff9e13b9000 	C:\WINDOWS\System32\msvcrt.dll
0x00007ff9e74f0000 - 0x00007ff9e755b000 	C:\WINDOWS\System32\USER32.dll
0x00007ff9de960000 - 0x00007ff9de96f000 	C:\WINDOWS\System32\GDI32.dll
0x00007ff9d5970000 - 0x00007ff9d5999000 	C:\WINDOWS\System32\msvcp_win.dll
0x00007ff9cc4f0000 - 0x00007ff9cc506000 	C:\WINDOWS\WinSxS\amd64_microsoft.windows.common-controls_6595b64144ccf1df_6.0.19041.3636_none_60b6a03d71f818d5\COMCTL32.dll
0x00007ff9e7da0000 - 0x00007ff9e84e5000 	G:\2020.3.42f1\Editor\Data\PlaybackEngines\AndroidPlayer\OpenJDK\jre\bin\msvcr100.dll
0x00007ff9e3cd0000 - 0x00007ff9e446b000 	G:\2020.3.42f1\Editor\Data\PlaybackEngines\AndroidPlayer\OpenJDK\jre\bin\server\jvm.dll
0x00007ff9e6c90000 - 0x00007ff9e6fe4000 	C:\WINDOWS\SYSTEM32\WINMM.dll
0x00007ff9e55e0000 - 0x00007ff9e560d000 	C:\WINDOWS\SYSTEM32\Wldp.dll
0x00007ff9e7680000 - 0x00007ff9e772d000 	C:\WINDOWS\System32\WS2_32.dll
0x00007ff9e7560000 - 0x00007ff9e75b5000 	G:\2020.3.42f1\Editor\Data\PlaybackEngines\AndroidPlayer\OpenJDK\jre\bin\verify.dll
0x00007ff9e5b40000 - 0x00007ff9e5b65000 	C:\WINDOWS\SYSTEM32\profapi.dll
0x00007ff999cf0000 - 0x00007ff999d0a000 	G:\2020.3.42f1\Editor\Data\PlaybackEngines\AndroidPlayer\OpenJDK\jre\bin\net.dll
0x00007ff9e52e0000 - 0x00007ff9e534a000 	C:\WINDOWS\System32\KERNELBASE.dll
0x00007ff999cd0000 - 0x00007ff999ce1000 	C:\WINDOWS\System32\RPCRT4.dll
0x00007ff999ca0000 - 0x00007ff999cc4000 	C:\WINDOWS\System32\GDI32.dll
0x00007ff9e54e0000 - 0x00007ff9e54f8000 	C:\WINDOWS\System32\ucrtbase.dll
0x00007ff9e4c10000 - 0x00007ff9e4c44000 	C:\WINDOWS\System32\IMM32.DLL
0x00007ff9e61d0000 - 0x00007ff9e61f7000 	C:\WINDOWS\System32\PSAPI.DLL
0x00007ff9e5b00000 - 0x00007ff9e5b2e000 	C:\WINDOWS\SYSTEM32\VERSION.dll
0x00007ff9e6200000 - 0x00007ff9e6282000 	C:\WINDOWS\System32\bcryptprimitives.dll
0x00007ff9e54d0000 - 0x00007ff9e54dc000 	G:\2020.3.42f1\Editor\Data\PlaybackEngines\AndroidPlayer\OpenJDK\jre\bin\verify.dll
0x00007ff9e4fd0000 - 0x00007ff9e500b000 	G:\2020.3.42f1\Editor\Data\PlaybackEngines\AndroidPlayer\OpenJDK\jre\bin\zip.dll
0x00007ff9e7120000 - 0x00007ff9e7128000 	C:\WINDOWS\System32\KERNELBASE.dll
0x00007ff9df110000 - 0x00007ff9df127000 	C:\WINDOWS\System32\USER32.dll
0x00007ff9df960000 - 0x00007ff9df97d000 	C:\WINDOWS\System32\gdi32full.dll
0x00007ff9e5010000 - 0x00007ff9e50da000 	G:\2020.3.42f1\Editor\Data\PlaybackEngines\AndroidPlayer\OpenJDK\jre\bin\msvcr100.dll
0x00007ff9db160000 - 0x00007ff9db16b000 	C:\WINDOWS\System32\PSAPI.DLL
0x00007ff9e5d10000 - 0x00007ff9e5e6d000 	C:\WINDOWS\SYSTEM32\VERSION.dll
0x00007ff9dd9c0000 - 0x00007ff9dd9ca000 	G:\2020.3.42f1\Editor\Data\PlaybackEngines\AndroidPlayer\OpenJDK\jre\bin\verify.dll
0x00007ff9dae20000 - 0x00007ff9daea0000 	G:\2020.3.42f1\Editor\Data\PlaybackEngines\AndroidPlayer\OpenJDK\jre\bin\zip.dll

VM Arguments:
jvm_args: -Dfile.encoding=UTF-8 -Dcom.android.sdklib.toolsdir=G:\2020.3.42f1\Editor\Data\PlaybackEngines\AndroidPlayer\SDK\tools\bin\\.. 
java_command: com.android.sdklib.tool.sdkmanager.SdkManagerCli --list
java_class_path (initial): G:\2020.3.42f1\Editor\Data\PlaybackEngines\AndroidPlayer\SDK\tools\bin\..\lib\dvlib-26.0.0-dev.jar;G:\2020.3.42f1\Editor\Data\PlaybackEngines\AndroidPlayer\SDK\tools\bin\..\lib\jimfs-1.1.jar;G:\2020.3.42f1\Editor\Data\PlaybackEngines\AndroidPlayer\SDK\tools\bin\..\lib\jsr305-1.3.9.jar;G:\2020.3.42f1\Editor\Data\PlaybackEngines\AndroidPlayer\SDK\tools\bin\..\lib\repository-26.0.0-dev.jar;G:\2020.3.42f1\Editor\Data\PlaybackEngines\AndroidPlayer\SDK\tools\bin\..\lib\j2objc-annotations-1.1.jar;G:\2020.3.42f1\Editor\Data\PlaybackEngines\AndroidPlayer\SDK\tools\bin\..\lib\layoutlib-api-26.0.0-dev.jar;G:\2020.3.42f1\Editor\Data\PlaybackEngines\AndroidPlayer\SDK\tools\bin\..\lib\gson-2.3.jar;G:\2020.3.42f1\Editor\Data\PlaybackEngines\AndroidPlayer\SDK\tools\bin\..\lib\httpcore-4.2.5.jar;G:\2020.3.42f1\Editor\Data\PlaybackEngines\AndroidPlayer\SDK\tools\bin\..\lib\commons-logging-1.1.1.jar;G:\2020.3.42f1\Editor\Data\PlaybackEngines\AndroidPlayer\SDK\tools\bin\..\lib\commons-compress-1.12.jar;G:\2020.3.42f1\Editor\Data\PlaybackEngines\AndroidPlayer\SDK\tools\bin\..\lib\annotations-26.0.0-dev.jar;G:\2020.3.42f1\Editor\Data\PlaybackEngines\AndroidPlayer\SDK\tools\bin\..\lib\error_prone_annotations-2.0.18.jar;G:\2020.3.42f1\Editor\Data\PlaybackEngines\AndroidPlayer\SDK\tools\bin\..\lib\animal-sniffer-annotations-1.14.jar;G:\2020.3.42f1\Editor\Data\PlaybackEngines\AndroidPlayer\SDK\tools\bin\..\lib\httpclient-4.2.6.jar;G:\2020.3.42f1\Editor\Data\PlaybackEngines\AndroidPlayer\SDK\tools\bin\..\lib\commons-codec-1.6.jar;G:\2020.3.42f1\Editor\Data\PlaybackEngines\AndroidPlayer\SDK\tools\bin\..\lib\common-26.0.0-dev.jar;G:\2020.3.42f1\Editor\Data\PlaybackEngines\AndroidPlayer\SDK\tools\bin\..\lib\kxml2-2.3.0.jar;G:\2020.3.42f1\Editor\Data\PlaybackEngines\AndroidPlayer\SDK\tools\bin\..\lib\httpmime-4.1.jar;G:\2020.3.42f1\Editor\Data\PlaybackEngines\AndroidPlayer\SDK\tools\bin\..\lib\annotations-12.0.jar;G:\2020.3.42f1\Editor\Data\PlaybackEngines\AndroidPlay
Launcher Type: SUN_STANDARD

Environment Variables:
JAVA_HOME=G:\2020.3.42f1\Editor\Data\PlaybackEngines\AndroidPlayer\OpenJDK
JAVA_TOOL_OPTIONS=-Dfile.encoding=UTF-8
PATH=C:\Program Files\Common Files\Oracle\Java\javapath;C:\WINDOWS\system32;C:\WINDOWS;C:\WINDOWS\System32\Wbem;C:\WINDOWS\System32\WindowsPowerShell\v1.0\;C:\WINDOWS\System32\OpenSSH\;C:\Program Files\dotnet\;C:\Program Files\Microsoft SQL Server\150\Tools\Binn\;C:\Program Files\Microsoft SQL Server\Client SDK\ODBC\170\Tools\Binn\;C:\Program Files\Java\jdk-21\bin;C:\Program Files\Git\cmd;C:\Users\Kavin\AppData\Local\Microsoft\WindowsApps;C:\Users\Kavin\AppData\Local\Programs\Microsoft VS Code\bin;C:\Users\Kavin\.dotnet\tools;C:\Users\Kavin\AppData\Local\GitHubDesktop\bin
USERNAME=Kavin
OS=Windows_NT
PROCESSOR_IDENTIFIER=Intel64 Family 6 Model 158 Stepping 10, GenuineIntel



---------------  S Y S T E M  ---------------

OS: Windows 10.0 , 64 bit Build 19041 (10.0.19041.3636)

CPU:total 4 (initial active 4) (4 cores per cpu, 1 threads per core) family 6 model 158 stepping 10, cmov, cx8, fxsr, mmx, sse, sse2, sse3, ssse3, sse4.1, sse4.2, popcnt, avx, avx2, aes, clmul, erms, 3dnowpref, lzcnt, tsc, tscinvbit, bmi1, bmi2, adx

Memory: 4k page, physical 8329480k(3186868k free), swap 9353480k(5120k free)

vm_info: OpenJDK 64-Bit Server VM (25.71-b00) for windows-amd64 JRE (1.8.0-adoptopenjdk-_2018_05_19_00_59-b00), built on May 19 2018 01:02:12 by "jenkins" with MS VC++ 10.0 (VS2010)

time: Wed Mar 20 21:34:44 2024
elapsed time: 4 seconds (0d 0h 0m 4s)

