#
# There is insufficient memory for the Java Runtime Environment to continue.
# Native memory allocation (malloc) failed to allocate 1048576 bytes for AllocateHeap
# Possible reasons:
#   The system is out of physical RAM or swap space
#   In 32 bit mode, the process size limit was hit
# Possible solutions:
#   Reduce memory load on the system
#   Increase physical memory or swap space
#   Check if swap backing store is full
#   Use 64 bit Java on a 64 bit OS
#   Decrease Java heap size (-Xmx/-Xms)
#   Decrease number of Java threads
#   Decrease Java thread stack sizes (-Xss)
#   Set larger code cache with -XX:ReservedCodeCacheSize=
# This output file may be truncated or incomplete.
#
#  Out of Memory Error (memory/allocation.inline.hpp:61), pid=11536, tid=0x0000000000002b70
#
# JRE version:  (8.0) (build )
# Java VM: OpenJDK 64-Bit Server VM (25.71-b00 mixed mode windows-amd64 compressed oops)
# Failed to write core dump. Minidumps are not enabled by default on client versions of Windows
#

---------------  T H R E A D  ---------------

Current thread (0x00000000027c5800):  JavaThread "Unknown thread" [_thread_in_vm, id=11120, stack(0x00000000026c0000,0x00000000027c0000)]

Stack: [0x00000000026c0000,0x00000000027c0000]
[error occurred during error reporting (printing stack bounds), id 0xc0000005]

Native frames: (J=compiled Java code, j=interpreted, Vv=VM code, C=native code)


---------------  P R O C E S S  ---------------

Java Threads: ( => current thread )

Other Threads:

=>0x00000000027c5800 (exited) JavaThread "Unknown thread" [_thread_in_vm, id=11120, stack(0x00000000026c0000,0x00000000027c0000)]

VM state:not at safepoint (normal execution)

VM Mutex/Monitor currently owned by a thread: None

Heap:
 PSYoungGen      total 38400K, used 665K [0x00000000d5a00000, 0x00000000d8480000, 0x0000000100000000)
  eden space 33280K, 2% used [0x00000000d5a00000,0x00000000d5aa6670,0x00000000d7a80000)
  from space 5120K, 0% used [0x00000000d7f80000,0x00000000d7f80000,0x00000000d8480000)
  to   space 5120K, 0% used [0x00000000d7a80000,0x00000000d7a80000,0x00000000d7f80000)
 ParOldGen       total 87552K, used 0K [0x0000000080e00000, 0x0000000086380000, 0x00000000d5a00000)
  object space 87552K, 0% used [0x0000000080e00000,0x0000000080e00000,0x0000000086380000)
 Metaspace       used 777K, capacity 4480K, committed 4480K, reserved 1056768K
  class space    used 74K, capacity 384K, committed 384K, reserved 1048576K

Card table byte_map: [0x0000000011c80000,0x0000000012080000] byte_map_base: 0x0000000011879000

Marking Bits: (ParMarkBitMap*) 0x0000000055b5be50
 Begin Bits: [0x0000000012730000, 0x00000000146f8000)
 End Bits:   [0x00000000146f8000, 0x00000000166c0000)

Polling page: 0x0000000000920000

CodeCache: size=245760Kb used=328Kb max_used=328Kb free=245431Kb
 bounds [0x00000000028c0000, 0x0000000002b30000, 0x00000000118c0000]
 total_blobs=57 nmethods=0 adapters=38
 compilation: enabled

Compilation events (0 events):
No events

GC Heap History (0 events):
No events

Deoptimization events (0 events):
No events

Classes redefined (0 events):
No events

Internal exceptions (0 events):
No events

Events (10 events):
Event: 0.013 loading class java/lang/Short
Event: 0.013 loading class java/lang/Short done
Event: 0.013 loading class java/lang/Integer
Event: 0.013 loading class java/lang/Integer done
Event: 0.013 loading class java/lang/Long
Event: 0.013 loading class java/lang/Long done
Event: 0.013 loading class java/lang/NullPointerException
Event: 0.013 loading class java/lang/NullPointerException done
Event: 0.013 loading class java/lang/ArithmeticException
Event: 0.013 loading class java/lang/ArithmeticException done


Dynamic libraries:
0x00007ff772050000 - 0x00007ff772085000 	G:\2020.3.42f1\Editor\Data\PlaybackEngines\AndroidPlayer\OpenJDK\bin\java.exe
0x00007ff9e8530000 - 0x00007ff9e8728000 	C:\WINDOWS\SYSTEM32\ntdll.dll
0x00007ff9e7a00000 - 0x00007ff9e7abd000 	C:\WINDOWS\System32\KERNEL32.DLL
0x00007ff9e6290000 - 0x00007ff9e6586000 	C:\WINDOWS\System32\KERNELBASE.dll
0x00007ff9e75c0000 - 0x00007ff9e766f000 	C:\WINDOWS\System32\ADVAPI32.dll
0x00007ff9e7730000 - 0x00007ff9e77ce000 	C:\WINDOWS\System32\msvcrt.dll
0x00007ff9e78b0000 - 0x00007ff9e794c000 	C:\WINDOWS\System32\sechost.dll
0x00007ff9e6ff0000 - 0x00007ff9e7116000 	C:\WINDOWS\System32\RPCRT4.dll
0x00007ff9e7ba0000 - 0x00007ff9e7d3e000 	C:\WINDOWS\System32\USER32.dll
0x00007ff9e60a0000 - 0x00007ff9e60c2000 	C:\WINDOWS\System32\win32u.dll
0x00007ff9e6c60000 - 0x00007ff9e6c8c000 	C:\WINDOWS\System32\GDI32.dll
0x00007ff9e5f80000 - 0x00007ff9e609a000 	C:\WINDOWS\System32\gdi32full.dll
0x00007ff9e5ee0000 - 0x00007ff9e5f7d000 	C:\WINDOWS\System32\msvcp_win.dll
0x00007ff9e5c10000 - 0x00007ff9e5d10000 	C:\WINDOWS\System32\ucrtbase.dll
0x00007ff9d8e60000 - 0x00007ff9d90fa000 	C:\WINDOWS\WinSxS\amd64_microsoft.windows.common-controls_6595b64144ccf1df_6.0.19041.3636_none_60b6a03d71f818d5\COMCTL32.dll
0x00007ff9e7ac0000 - 0x00007ff9e7af0000 	C:\WINDOWS\System32\IMM32.DLL
0x0000000057130000 - 0x0000000057202000 	G:\2020.3.42f1\Editor\Data\PlaybackEngines\AndroidPlayer\OpenJDK\jre\bin\msvcr100.dll
0x0000000055390000 - 0x0000000055bd9000 	G:\2020.3.42f1\Editor\Data\PlaybackEngines\AndroidPlayer\OpenJDK\jre\bin\server\jvm.dll
0x00007ff9e6c50000 - 0x00007ff9e6c58000 	C:\WINDOWS\System32\PSAPI.DLL
0x00007ff9d84e0000 - 0x00007ff9d8507000 	C:\WINDOWS\SYSTEM32\WINMM.dll
0x00007ff9e13b0000 - 0x00007ff9e13b9000 	C:\WINDOWS\SYSTEM32\WSOCK32.dll
0x00007ff9dee40000 - 0x00007ff9dee4a000 	C:\WINDOWS\SYSTEM32\VERSION.dll
0x00007ff9e74f0000 - 0x00007ff9e755b000 	C:\WINDOWS\System32\WS2_32.dll
0x00007ff9e0d90000 - 0x00007ff9e0d9f000 	G:\2020.3.42f1\Editor\Data\PlaybackEngines\AndroidPlayer\OpenJDK\jre\bin\verify.dll
0x00007ff9e0d60000 - 0x00007ff9e0d89000 	G:\2020.3.42f1\Editor\Data\PlaybackEngines\AndroidPlayer\OpenJDK\jre\bin\java.dll
0x00007ff9e0d40000 - 0x00007ff9e0d56000 	G:\2020.3.42f1\Editor\Data\PlaybackEngines\AndroidPlayer\OpenJDK\jre\bin\zip.dll

VM Arguments:
jvm_args: -Dfile.encoding=UTF-8 -Dcom.android.sdklib.toolsdir=G:\2020.3.42f1\Editor\Data\PlaybackEngines\AndroidPlayer\SDK\tools\bin\\.. 
java_command: com.android.sdklib.tool.sdkmanager.SdkManagerCli --list
java_class_path (initial): G:\2020.3.42f1\Editor\Data\PlaybackEngines\AndroidPlayer\SDK\tools\bin\..\lib\dvlib-26.0.0-dev.jar;G:\2020.3.42f1\Editor\Data\PlaybackEngines\AndroidPlayer\SDK\tools\bin\..\lib\jimfs-1.1.jar;G:\2020.3.42f1\Editor\Data\PlaybackEngines\AndroidPlayer\SDK\tools\bin\..\lib\jsr305-1.3.9.jar;G:\2020.3.42f1\Editor\Data\PlaybackEngines\AndroidPlayer\SDK\tools\bin\..\lib\repository-26.0.0-dev.jar;G:\2020.3.42f1\Editor\Data\PlaybackEngines\AndroidPlayer\SDK\tools\bin\..\lib\j2objc-annotations-1.1.jar;G:\2020.3.42f1\Editor\Data\PlaybackEngines\AndroidPlayer\SDK\tools\bin\..\lib\layoutlib-api-26.0.0-dev.jar;G:\2020.3.42f1\Editor\Data\PlaybackEngines\AndroidPlayer\SDK\tools\bin\..\lib\gson-2.3.jar;G:\2020.3.42f1\Editor\Data\PlaybackEngines\AndroidPlayer\SDK\tools\bin\..\lib\httpcore-4.2.5.jar;G:\2020.3.42f1\Editor\Data\PlaybackEngines\AndroidPlayer\SDK\tools\bin\..\lib\commons-logging-1.1.1.jar;G:\2020.3.42f1\Editor\Data\PlaybackEngines\AndroidPlayer\SDK\tools\bin\..\lib\commons-compress-1.12.jar;G:\2020.3.42f1\Editor\Data\PlaybackEngines\AndroidPlayer\SDK\tools\bin\..\lib\annotations-26.0.0-dev.jar;G:\2020.3.42f1\Editor\Data\PlaybackEngines\AndroidPlayer\SDK\tools\bin\..\lib\error_prone_annotations-2.0.18.jar;G:\2020.3.42f1\Editor\Data\PlaybackEngines\AndroidPlayer\SDK\tools\bin\..\lib\animal-sniffer-annotations-1.14.jar;G:\2020.3.42f1\Editor\Data\PlaybackEngines\AndroidPlayer\SDK\tools\bin\..\lib\httpclient-4.2.6.jar;G:\2020.3.42f1\Editor\Data\PlaybackEngines\AndroidPlayer\SDK\tools\bin\..\lib\commons-codec-1.6.jar;G:\2020.3.42f1\Editor\Data\PlaybackEngines\AndroidPlayer\SDK\tools\bin\..\lib\common-26.0.0-dev.jar;G:\2020.3.42f1\Editor\Data\PlaybackEngines\AndroidPlayer\SDK\tools\bin\..\lib\kxml2-2.3.0.jar;G:\2020.3.42f1\Editor\Data\PlaybackEngines\AndroidPlayer\SDK\tools\bin\..\lib\httpmime-4.1.jar;G:\2020.3.42f1\Editor\Data\PlaybackEngines\AndroidPlayer\SDK\tools\bin\..\lib\annotations-12.0.jar;G:\2020.3.42f1\Editor\Data\PlaybackEngines\AndroidPlay
Launcher Type: SUN_STANDARD

Environment Variables:
JAVA_HOME=G:\2020.3.42f1\Editor\Data\PlaybackEngines\AndroidPlayer\OpenJDK
JAVA_TOOL_OPTIONS=-Dfile.encoding=UTF-8
PATH=C:\Program Files\Common Files\Oracle\Java\javapath;C:\WINDOWS\system32;C:\WINDOWS;C:\WINDOWS\System32\Wbem;C:\WINDOWS\System32\WindowsPowerShell\v1.0\;C:\WINDOWS\System32\OpenSSH\;C:\Program Files\dotnet\;C:\Program Files\Microsoft SQL Server\150\Tools\Binn\;C:\Program Files\Microsoft SQL Server\Client SDK\ODBC\170\Tools\Binn\;C:\Program Files\Java\jdk-21\bin;C:\Program Files\Git\cmd;C:\Users\Kavin\AppData\Local\Microsoft\WindowsApps;C:\Users\Kavin\AppData\Local\Programs\Microsoft VS Code\bin;C:\Users\Kavin\.dotnet\tools;C:\Users\Kavin\AppData\Local\GitHubDesktop\bin
USERNAME=Kavin
OS=Windows_NT
PROCESSOR_IDENTIFIER=Intel64 Family 6 Model 158 Stepping 10, GenuineIntel



---------------  S Y S T E M  ---------------

OS: Windows 10.0 , 64 bit Build 19041 (10.0.19041.3636)

CPU:total 4 (initial active 4) (4 cores per cpu, 1 threads per core) family 6 model 158 stepping 10, cmov, cx8, fxsr, mmx, sse, sse2, sse3, ssse3, sse4.1, sse4.2, popcnt, avx, avx2, aes, clmul, erms, 3dnowpref, lzcnt, tsc, tscinvbit, bmi1, bmi2, adx

Memory: 4k page, physical 8329480k(2861016k free), swap 9353480k(3948k free)

vm_info: OpenJDK 64-Bit Server VM (25.71-b00) for windows-amd64 JRE (1.8.0-adoptopenjdk-_2018_05_19_00_59-b00), built on May 19 2018 01:02:12 by "jenkins" with MS VC++ 10.0 (VS2010)

time: Wed Mar 20 20:35:32 2024
elapsed time: 0 seconds (0d 0h 0m 0s)

